#-----------------------------------------------------------
# Vivado v2019.2 (64-bit)
# SW Build 2708876 on Wed Nov  6 21:40:23 MST 2019
# IP Build 2700528 on Thu Nov  7 00:09:20 MST 2019
# Start of session at: Tue Feb  9 15:14:11 2021
# Process ID: 29060
# Current directory: F:/Session_ENSEIRB/Documents/S7-S8/EN224-Test-et-verification/2_Hardware/Etape_1/vivado
# Command line: vivado.exe -gui_launcher_event rodinguilauncherevent10404 F:\Session_ENSEIRB\Documents\S7-S8\EN224-Test-et-verification\2_Hardware\Etape_1\vivado\project_EN224.xpr
# Log file: F:/Session_ENSEIRB/Documents/S7-S8/EN224-Test-et-verification/2_Hardware/Etape_1/vivado/vivado.log
# Journal file: F:/Session_ENSEIRB/Documents/S7-S8/EN224-Test-et-verification/2_Hardware/Etape_1/vivado\vivado.jou
#-----------------------------------------------------------
start_gui
open_project F:/Session_ENSEIRB/Documents/S7-S8/EN224-Test-et-verification/2_Hardware/Etape_1/vivado/project_EN224.xpr
INFO: [ProjectBase 1-489] The host OS only allows 260 characters in a normal path. The project is stored in a path with more than 80 characters. If you experience issues with IP, Block Designs, or files not being found, please consider moving the project to a location with a shorter path. Alternately consider using the OS subst command to map part of the path to a drive letter.
Current project path is 'F:/Session_ENSEIRB/Documents/S7-S8/EN224-Test-et-verification/2_Hardware/Etape_1/vivado'
Scanning sources...
Finished scanning sources
INFO: [IP_Flow 19-234] Refreshing IP repositories
INFO: [IP_Flow 19-1704] No user IP repositories specified
INFO: [IP_Flow 19-2313] Loaded Vivado IP repository 'F:/Xilinx/Vivado/2019.2/data/ip'.
open_project: Time (s): cpu = 00:00:12 ; elapsed = 00:00:06 . Memory (MB): peak = 695.270 ; gain = 83.277
update_compile_order -fileset sources_1
update_compile_order -fileset sources_1
update_compile_order -fileset sources_1
exit
INFO: [Common 17-206] Exiting Vivado at Tue Feb  9 17:46:55 2021...
